[13:01:31] [Server thread/INFO]: Starting minecraft server version 1.9.4
[13:01:31] [Server thread/INFO]: Loading properties
[13:01:31] [Server thread/INFO]: Default game type: SURVIVAL
[13:01:31] [Server thread/INFO]: Generating keypair
[13:01:31] [Server thread/INFO]: Starting Minecraft server on 172.18.160.44:80
[13:01:31] [Server thread/INFO]: Using epoll channel type
[13:01:32] [Server thread/INFO]: This server is running CraftBukkit version git-Bukkit-106ced0 (MC: 1.9.4) (Implementing API version 1.9.4-R0.1-SNAPSHOT)
[13:01:32] [Server thread/WARN]: **** SERVER IS RUNNING IN OFFLINE/INSECURE MODE!
[13:01:32] [Server thread/WARN]: The server will make no attempt to authenticate usernames. Beware.
[13:01:32] [Server thread/WARN]: While this makes the game possible to play without internet access, it also opens up the ability for hackers to connect with any username they choose.
[13:01:32] [Server thread/WARN]: To change this, set "online-mode" to "true" in the server.properties file.
[13:01:32] [Server thread/INFO]: Preparing level "world"
[13:01:33] [Server thread/INFO]: Preparing start region for level 0 (Seed: -6997615523784870655)
[13:01:34] [Server thread/INFO]: Preparing spawn area: 0%
[13:01:35] [Server thread/INFO]: Preparing spawn area: 17%
[13:01:36] [Server thread/INFO]: Preparing spawn area: 41%
[13:01:37] [Server thread/INFO]: Preparing spawn area: 73%
[13:01:38] [Server thread/INFO]: Preparing start region for level 1 (Seed: -6997615523784870655)
[13:01:39] [Server thread/INFO]: Preparing spawn area: 46%
[13:01:40] [Server thread/INFO]: Preparing spawn area: 88%
[13:01:40] [Server thread/INFO]: Preparing start region for level 2 (Seed: -6997615523784870655)
[13:01:41] [Server thread/INFO]: Server permissions file permissions.yml is empty, ignoring it
[13:01:41] [Server thread/INFO]: Done (8.570s)! For help, type "help" or "?"
[13:03:37] [Server thread/INFO]: LOVELESS[/117.172.25.211:63676] logged in with entity id 446 at ([world]1403.4268729756607, 65.0, -1006.3672778495752)
[13:15:26] [Server thread/INFO]: Lloyd[/223.85.220.86:55766] logged in with entity id 6570 at ([world]-156.7236437149723, 13.0, -178.94069206805406)
[13:26:01] [Netty Epoll Server IO #0/INFO]: <Lloyd> t[m
[13:32:55] [Server thread/INFO]: margin_left[/171.212.213.86:3691] logged in with entity id 19287 at ([world]1392.5, 65.0, -1042.5)
[13:33:34] [Netty Epoll Server IO #0/INFO]: <margin_left> 你维修了多久的服务器哦[m
[13:53:06] [Server thread/INFO]: margin_left lost connection: Disconnected
[13:53:06] [Server thread/INFO]: margin_left left the game.
[13:53:08] [Server thread/INFO]: margin_left[/171.212.213.86:4131] logged in with entity id 30174 at ([world]1429.010482114961, 64.0, -1018.6650578158035)
[14:13:01] [Server thread/INFO]: Lloyd lost connection: Disconnected
[14:13:01] [Server thread/INFO]: Lloyd left the game.
[14:43:26] [Netty Epoll Server IO #0/INFO]: <margin_left> ha[m
[15:03:58] [Server thread/INFO]: Lloyd[/117.172.25.211:9119] logged in with entity id 43530 at ([world]840.8932002288333, 64.0, -148.1637797853112)
[15:05:36] [Netty Epoll Server IO #1/INFO]: <LOVELESS> jin wan bu shui jiao[m
[15:09:56] [Server thread/INFO]: margin_left was slain by Zombie
[15:10:22] [Server thread/INFO]: margin_left was slain by Zombie
[15:11:24] [Server thread/INFO]: margin_left was slain by Zombie
[15:12:58] [Server thread/INFO]: margin_left was slain by Enderman
[15:13:32] [Server thread/INFO]: margin_left was slain by Enderman
[15:15:41] [Server thread/INFO]: Lloyd lost connection: Disconnected
[15:15:41] [Server thread/INFO]: Lloyd left the game.
[15:16:09] [Server thread/INFO]: LOVELESS lost connection: Disconnected
[15:16:09] [Server thread/INFO]: LOVELESS left the game.
[15:16:17] [Server thread/INFO]: Lloyd[/223.85.220.86:63566] logged in with entity id 51461 at ([world]834.5159725539685, 71.0, -159.9518011419841)
[15:16:45] [Server thread/INFO]: Lloyd lost connection: Disconnected
[15:16:45] [Server thread/INFO]: Lloyd left the game.
[15:17:04] [Server thread/INFO]: Lloyd[/223.85.220.86:63571] logged in with entity id 52026 at ([world]834.5159725539685, 71.0, -159.9518011419841)
[15:22:03] [Server thread/INFO]: margin_left lost connection: Disconnected
[15:22:03] [Server thread/INFO]: margin_left left the game.
[15:32:10] [Server thread/INFO]: Lloyd lost connection: Disconnected
[15:32:10] [Server thread/INFO]: Lloyd left the game.
[15:52:34] [Server thread/INFO]: LOVELESS[/223.85.220.86:63782] logged in with entity id 71645 at ([world]1397.3416154444872, 65.0, -1040.4263045702176)
[15:57:37] [Server thread/INFO]: LOVELESS lost connection: Disconnected
[15:57:37] [Server thread/INFO]: LOVELESS left the game.
[16:00:07] [Server thread/INFO]: Stopping the server
[16:00:07] [Server thread/INFO]: Stopping server
[16:00:07] [Server thread/INFO]: Saving players
[16:00:07] [Server thread/INFO]: Saving worlds
[16:00:07] [Server thread/INFO]: Saving chunks for level 'world'/Overworld
[16:00:07] [Server thread/INFO]: Saving chunks for level 'world_nether'/Nether
[16:00:07] [Server thread/INFO]: Saving chunks for level 'world_the_end'/The End
